<?xml version="1.0" encoding="UTF-8"?>
<testsuite xmlns:xsi="http://www.w3.org/2001/XMLSchema-instance" xsi:noNamespaceSchemaLocation="https://maven.apache.org/surefire/maven-surefire-plugin/xsd/surefire-test-report-3.0.xsd" version="3.0" name="com.devendra.junitdemo.DemoUtilsTest" time="2.061" tests="9" errors="0" skipped="0" failures="0">
  <properties>
    <property name="java.specification.version" value="17"/>
    <property name="sun.jnu.encoding" value="UTF-8"/>
    <property name="java.class.path" value="/Users/devendra/JUnitAndMockito-ChadDarby/SpringBoot-JUnit-and-Mockito/07-Running-tests-in-order/target/test-classes:/Users/devendra/JUnitAndMockito-ChadDarby/SpringBoot-JUnit-and-Mockito/07-Running-tests-in-order/target/classes:/Users/devendra/.m2/repository/org/apache/maven/plugins/maven-site-plugin/4.0.0-M13/maven-site-plugin-4.0.0-M13.jar:/Users/devendra/.m2/repository/org/apache/maven/reporting/maven-reporting-api/4.0.0-M9/maven-reporting-api-4.0.0-M9.jar:/Users/devendra/.m2/repository/org/apache/maven/reporting/maven-reporting-exec/2.0.0-M12/maven-reporting-exec-2.0.0-M12.jar:/Users/devendra/.m2/repository/org/apache/maven/maven-artifact/3.2.5/maven-artifact-3.2.5.jar:/Users/devendra/.m2/repository/org/apache/maven/maven-core/3.2.5/maven-core-3.2.5.jar:/Users/devendra/.m2/repository/org/apache/maven/maven-repository-metadata/3.2.5/maven-repository-metadata-3.2.5.jar:/Users/devendra/.m2/repository/org/apache/maven/maven-model-builder/3.2.5/maven-model-builder-3.2.5.jar:/Users/devendra/.m2/repository/org/apache/maven/maven-aether-provider/3.2.5/maven-aether-provider-3.2.5.jar:/Users/devendra/.m2/repository/org/eclipse/aether/aether-spi/1.0.0.v20140518/aether-spi-1.0.0.v20140518.jar:/Users/devendra/.m2/repository/org/eclipse/aether/aether-impl/1.0.0.v20140518/aether-impl-1.0.0.v20140518.jar:/Users/devendra/.m2/repository/org/sonatype/sisu/sisu-guice/3.2.3/sisu-guice-3.2.3-no_aop.jar:/Users/devendra/.m2/repository/aopalliance/aopalliance/1.0/aopalliance-1.0.jar:/Users/devendra/.m2/repository/com/google/guava/guava/16.0.1/guava-16.0.1.jar:/Users/devendra/.m2/repository/org/codehaus/plexus/plexus-component-annotations/1.5.5/plexus-component-annotations-1.5.5.jar:/Users/devendra/.m2/repository/org/sonatype/plexus/plexus-sec-dispatcher/1.3/plexus-sec-dispatcher-1.3.jar:/Users/devendra/.m2/repository/org/sonatype/plexus/plexus-cipher/1.4/plexus-cipher-1.4.jar:/Users/devendra/.m2/repository/org/apache/maven/maven-model/3.2.5/maven-model-3.2.5.jar:/Users/devendra/.m2/repository/org/apache/maven/maven-plugin-api/3.2.5/maven-plugin-api-3.2.5.jar:/Users/devendra/.m2/repository/org/apache/maven/maven-settings/3.2.5/maven-settings-3.2.5.jar:/Users/devendra/.m2/repository/org/apache/maven/maven-settings-builder/3.2.5/maven-settings-builder-3.2.5.jar:/Users/devendra/.m2/repository/org/slf4j/slf4j-api/1.7.36/slf4j-api-1.7.36.jar:/Users/devendra/.m2/repository/javax/inject/javax.inject/1/javax.inject-1.jar:/Users/devendra/.m2/repository/org/eclipse/aether/aether-api/1.0.0.v20140518/aether-api-1.0.0.v20140518.jar:/Users/devendra/.m2/repository/org/eclipse/aether/aether-util/1.0.0.v20140518/aether-util-1.0.0.v20140518.jar:/Users/devendra/.m2/repository/org/codehaus/plexus/plexus-classworlds/2.6.0/plexus-classworlds-2.6.0.jar:/Users/devendra/.m2/repository/org/apache/maven/shared/maven-shared-utils/3.4.2/maven-shared-utils-3.4.2.jar:/Users/devendra/.m2/repository/commons-io/commons-io/2.11.0/commons-io-2.11.0.jar:/Users/devendra/.m2/repository/org/apache/maven/maven-archiver/3.6.1/maven-archiver-3.6.1.jar:/Users/devendra/.m2/repository/org/codehaus/plexus/plexus-interpolation/1.26/plexus-interpolation-1.26.jar:/Users/devendra/.m2/repository/org/codehaus/plexus/plexus-archiver/4.9.0/plexus-archiver-4.9.0.jar:/Users/devendra/.m2/repository/org/codehaus/plexus/plexus-io/3.4.1/plexus-io-3.4.1.jar:/Users/devendra/.m2/repository/org/apache/commons/commons-compress/1.24.0/commons-compress-1.24.0.jar:/Users/devendra/.m2/repository/org/iq80/snappy/snappy/0.4/snappy-0.4.jar:/Users/devendra/.m2/repository/org/tukaani/xz/1.9/xz-1.9.jar:/Users/devendra/.m2/repository/com/github/luben/zstd-jni/1.5.5-10/zstd-jni-1.5.5-10.jar:/Users/devendra/.m2/repository/org/codehaus/plexus/plexus-i18n/1.0-beta-10/plexus-i18n-1.0-beta-10.jar:/Users/devendra/.m2/repository/org/codehaus/plexus/plexus-utils/4.0.0/plexus-utils-4.0.0.jar:/Users/devendra/.m2/repository/org/codehaus/plexus/plexus-xml/3.0.0/plexus-xml-3.0.0.jar:/Users/devendra/.m2/repository/org/apache/maven/doxia/doxia-sink-api/2.0.0-M8/doxia-sink-api-2.0.0-M8.jar:/Users/devendra/.m2/repository/org/apache/maven/doxia/doxia-core/2.0.0-M8/doxia-core-2.0.0-M8.jar:/Users/devendra/.m2/repository/org/apache/commons/commons-text/1.10.0/commons-text-1.10.0.jar:/Users/devendra/.m2/repository/org/apache/maven/doxia/doxia-module-xhtml5/2.0.0-M8/doxia-module-xhtml5-2.0.0-M8.jar:/Users/devendra/.m2/repository/org/apache/maven/doxia/doxia-module-apt/2.0.0-M8/doxia-module-apt-2.0.0-M8.jar:/Users/devendra/.m2/repository/org/apache/maven/doxia/doxia-module-xdoc/2.0.0-M8/doxia-module-xdoc-2.0.0-M8.jar:/Users/devendra/.m2/repository/org/apache/maven/doxia/doxia-module-fml/2.0.0-M8/doxia-module-fml-2.0.0-M8.jar:/Users/devendra/.m2/repository/org/apache/maven/doxia/doxia-module-markdown/2.0.0-M8/doxia-module-markdown-2.0.0-M8.jar:/Users/devendra/.m2/repository/com/vladsch/flexmark/flexmark/0.62.2/flexmark-0.62.2.jar:/Users/devendra/.m2/repository/com/vladsch/flexmark/flexmark-util-builder/0.62.2/flexmark-util-builder-0.62.2.jar:/Users/devendra/.m2/repository/com/vladsch/flexmark/flexmark-util-collection/0.62.2/flexmark-util-collection-0.62.2.jar:/Users/devendra/.m2/repository/com/vladsch/flexmark/flexmark-util-dependency/0.62.2/flexmark-util-dependency-0.62.2.jar:/Users/devendra/.m2/repository/com/vladsch/flexmark/flexmark-util-format/0.62.2/flexmark-util-format-0.62.2.jar:/Users/devendra/.m2/repository/com/vladsch/flexmark/flexmark-util-html/0.62.2/flexmark-util-html-0.62.2.jar:/Users/devendra/.m2/repository/com/vladsch/flexmark/flexmark-util-visitor/0.62.2/flexmark-util-visitor-0.62.2.jar:/Users/devendra/.m2/repository/com/vladsch/flexmark/flexmark-util-data/0.62.2/flexmark-util-data-0.62.2.jar:/Users/devendra/.m2/repository/com/vladsch/flexmark/flexmark-util-misc/0.62.2/flexmark-util-misc-0.62.2.jar:/Users/devendra/.m2/repository/com/vladsch/flexmark/flexmark-util-sequence/0.62.2/flexmark-util-sequence-0.62.2.jar:/Users/devendra/.m2/repository/com/vladsch/flexmark/flexmark-util-ast/0.62.2/flexmark-util-ast-0.62.2.jar:/Users/devendra/.m2/repository/com/vladsch/flexmark/flexmark-ext-abbreviation/0.62.2/flexmark-ext-abbreviation-0.62.2.jar:/Users/devendra/.m2/repository/com/vladsch/flexmark/flexmark-util/0.62.2/flexmark-util-0.62.2.jar:/Users/devendra/.m2/repository/com/vladsch/flexmark/flexmark-util-options/0.62.2/flexmark-util-options-0.62.2.jar:/Users/devendra/.m2/repository/com/vladsch/flexmark/flexmark-ext-autolink/0.62.2/flexmark-ext-autolink-0.62.2.jar:/Users/devendra/.m2/repository/org/nibor/autolink/autolink/0.6.0/autolink-0.6.0.jar:/Users/devendra/.m2/repository/com/vladsch/flexmark/flexmark-ext-definition/0.62.2/flexmark-ext-definition-0.62.2.jar:/Users/devendra/.m2/repository/com/vladsch/flexmark/flexmark-ext-escaped-character/0.62.2/flexmark-ext-escaped-character-0.62.2.jar:/Users/devendra/.m2/repository/com/vladsch/flexmark/flexmark-ext-gfm-strikethrough/0.62.2/flexmark-ext-gfm-strikethrough-0.62.2.jar:/Users/devendra/.m2/repository/com/vladsch/flexmark/flexmark-ext-tables/0.62.2/flexmark-ext-tables-0.62.2.jar:/Users/devendra/.m2/repository/com/vladsch/flexmark/flexmark-ext-typographic/0.62.2/flexmark-ext-typographic-0.62.2.jar:/Users/devendra/.m2/repository/com/vladsch/flexmark/flexmark-ext-wikilink/0.62.2/flexmark-ext-wikilink-0.62.2.jar:/Users/devendra/.m2/repository/com/vladsch/flexmark/flexmark-ext-yaml-front-matter/0.62.2/flexmark-ext-yaml-front-matter-0.62.2.jar:/Users/devendra/.m2/repository/org/jetbrains/annotations/24.0.1/annotations-24.0.1.jar:/Users/devendra/.m2/repository/org/apache/maven/doxia/doxia-site-model/2.0.0-M16/doxia-site-model-2.0.0-M16.jar:/Users/devendra/.m2/repository/org/eclipse/sisu/org.eclipse.sisu.plexus/0.9.0.M2/org.eclipse.sisu.plexus-0.9.0.M2.jar:/Users/devendra/.m2/repository/javax/annotation/javax.annotation-api/1.2/javax.annotation-api-1.2.jar:/Users/devendra/.m2/repository/javax/enterprise/cdi-api/1.2/cdi-api-1.2.jar:/Users/devendra/.m2/repository/org/eclipse/sisu/org.eclipse.sisu.inject/0.9.0.M2/org.eclipse.sisu.inject-0.9.0.M2.jar:/Users/devendra/.m2/repository/org/apache/maven/doxia/doxia-site-renderer/2.0.0-M16/doxia-site-renderer-2.0.0-M16.jar:/Users/devendra/.m2/repository/org/apache/maven/doxia/doxia-skin-model/2.0.0-M16/doxia-skin-model-2.0.0-M16.jar:/Users/devendra/.m2/repository/org/codehaus/plexus/plexus-velocity/2.0/plexus-velocity-2.0.jar:/Users/devendra/.m2/repository/org/apache/velocity/velocity-engine-core/2.3/velocity-engine-core-2.3.jar:/Users/devendra/.m2/repository/org/apache/velocity/tools/velocity-tools-generic/3.1/velocity-tools-generic-3.1.jar:/Users/devendra/.m2/repository/commons-beanutils/commons-beanutils/1.9.4/commons-beanutils-1.9.4.jar:/Users/devendra/.m2/repository/commons-logging/commons-logging/1.2/commons-logging-1.2.jar:/Users/devendra/.m2/repository/commons-collections/commons-collections/3.2.2/commons-collections-3.2.2.jar:/Users/devendra/.m2/repository/org/apache/commons/commons-digester3/3.2/commons-digester3-3.2.jar:/Users/devendra/.m2/repository/com/github/cliftonlabs/json-simple/3.0.2/json-simple-3.0.2.jar:/Users/devendra/.m2/repository/org/apache/maven/doxia/doxia-integration-tools/2.0.0-M16/doxia-integration-tools-2.0.0-M16.jar:/Users/devendra/.m2/repository/org/apache/commons/commons-lang3/3.14.0/commons-lang3-3.14.0.jar:/Users/devendra/.m2/repository/org/eclipse/jetty/jetty-server/9.4.53.v20231009/jetty-server-9.4.53.v20231009.jar:/Users/devendra/.m2/repository/javax/servlet/javax.servlet-api/3.1.0/javax.servlet-api-3.1.0.jar:/Users/devendra/.m2/repository/org/eclipse/jetty/jetty-io/9.4.53.v20231009/jetty-io-9.4.53.v20231009.jar:/Users/devendra/.m2/repository/org/eclipse/jetty/jetty-http/9.4.53.v20231009/jetty-http-9.4.53.v20231009.jar:/Users/devendra/.m2/repository/org/eclipse/jetty/jetty-servlet/9.4.53.v20231009/jetty-servlet-9.4.53.v20231009.jar:/Users/devendra/.m2/repository/org/eclipse/jetty/jetty-security/9.4.53.v20231009/jetty-security-9.4.53.v20231009.jar:/Users/devendra/.m2/repository/org/eclipse/jetty/jetty-util-ajax/9.4.53.v20231009/jetty-util-ajax-9.4.53.v20231009.jar:/Users/devendra/.m2/repository/org/eclipse/jetty/jetty-webapp/9.4.53.v20231009/jetty-webapp-9.4.53.v20231009.jar:/Users/devendra/.m2/repository/org/eclipse/jetty/jetty-xml/9.4.53.v20231009/jetty-xml-9.4.53.v20231009.jar:/Users/devendra/.m2/repository/org/eclipse/jetty/jetty-util/9.4.53.v20231009/jetty-util-9.4.53.v20231009.jar:/Users/devendra/.m2/repository/org/junit/jupiter/junit-jupiter/5.10.0/junit-jupiter-5.10.0.jar:/Users/devendra/.m2/repository/org/junit/jupiter/junit-jupiter-api/5.10.0/junit-jupiter-api-5.10.0.jar:/Users/devendra/.m2/repository/org/opentest4j/opentest4j/1.3.0/opentest4j-1.3.0.jar:/Users/devendra/.m2/repository/org/junit/platform/junit-platform-commons/1.10.0/junit-platform-commons-1.10.0.jar:/Users/devendra/.m2/repository/org/apiguardian/apiguardian-api/1.1.2/apiguardian-api-1.1.2.jar:/Users/devendra/.m2/repository/org/junit/jupiter/junit-jupiter-params/5.10.0/junit-jupiter-params-5.10.0.jar:/Users/devendra/.m2/repository/org/junit/jupiter/junit-jupiter-engine/5.10.0/junit-jupiter-engine-5.10.0.jar:/Users/devendra/.m2/repository/org/junit/platform/junit-platform-engine/1.10.0/junit-platform-engine-1.10.0.jar:"/>
    <property name="java.vm.vendor" value="Oracle Corporation"/>
    <property name="sun.arch.data.model" value="64"/>
    <property name="java.vendor.url" value="https://java.oracle.com/"/>
    <property name="os.name" value="Mac OS X"/>
    <property name="java.vm.specification.version" value="17"/>
    <property name="sun.java.launcher" value="SUN_STANDARD"/>
    <property name="user.country" value="IN"/>
    <property name="sun.boot.library.path" value="/Library/Java/JavaVirtualMachines/jdk-17.jdk/Contents/Home/lib"/>
    <property name="sun.java.command" value="/Users/devendra/JUnitAndMockito-ChadDarby/SpringBoot-JUnit-and-Mockito/07-Running-tests-in-order/target/surefire/surefirebooter-20240114202418458_3.jar /Users/devendra/JUnitAndMockito-ChadDarby/SpringBoot-JUnit-and-Mockito/07-Running-tests-in-order/target/surefire 2024-01-14T20-24-18_409-jvmRun1 surefire-20240114202418458_1tmp surefire_0-20240114202418458_2tmp"/>
    <property name="jdk.debug" value="release"/>
    <property name="surefire.test.class.path" value="/Users/devendra/JUnitAndMockito-ChadDarby/SpringBoot-JUnit-and-Mockito/07-Running-tests-in-order/target/test-classes:/Users/devendra/JUnitAndMockito-ChadDarby/SpringBoot-JUnit-and-Mockito/07-Running-tests-in-order/target/classes:/Users/devendra/.m2/repository/org/apache/maven/plugins/maven-site-plugin/4.0.0-M13/maven-site-plugin-4.0.0-M13.jar:/Users/devendra/.m2/repository/org/apache/maven/reporting/maven-reporting-api/4.0.0-M9/maven-reporting-api-4.0.0-M9.jar:/Users/devendra/.m2/repository/org/apache/maven/reporting/maven-reporting-exec/2.0.0-M12/maven-reporting-exec-2.0.0-M12.jar:/Users/devendra/.m2/repository/org/apache/maven/maven-artifact/3.2.5/maven-artifact-3.2.5.jar:/Users/devendra/.m2/repository/org/apache/maven/maven-core/3.2.5/maven-core-3.2.5.jar:/Users/devendra/.m2/repository/org/apache/maven/maven-repository-metadata/3.2.5/maven-repository-metadata-3.2.5.jar:/Users/devendra/.m2/repository/org/apache/maven/maven-model-builder/3.2.5/maven-model-builder-3.2.5.jar:/Users/devendra/.m2/repository/org/apache/maven/maven-aether-provider/3.2.5/maven-aether-provider-3.2.5.jar:/Users/devendra/.m2/repository/org/eclipse/aether/aether-spi/1.0.0.v20140518/aether-spi-1.0.0.v20140518.jar:/Users/devendra/.m2/repository/org/eclipse/aether/aether-impl/1.0.0.v20140518/aether-impl-1.0.0.v20140518.jar:/Users/devendra/.m2/repository/org/sonatype/sisu/sisu-guice/3.2.3/sisu-guice-3.2.3-no_aop.jar:/Users/devendra/.m2/repository/aopalliance/aopalliance/1.0/aopalliance-1.0.jar:/Users/devendra/.m2/repository/com/google/guava/guava/16.0.1/guava-16.0.1.jar:/Users/devendra/.m2/repository/org/codehaus/plexus/plexus-component-annotations/1.5.5/plexus-component-annotations-1.5.5.jar:/Users/devendra/.m2/repository/org/sonatype/plexus/plexus-sec-dispatcher/1.3/plexus-sec-dispatcher-1.3.jar:/Users/devendra/.m2/repository/org/sonatype/plexus/plexus-cipher/1.4/plexus-cipher-1.4.jar:/Users/devendra/.m2/repository/org/apache/maven/maven-model/3.2.5/maven-model-3.2.5.jar:/Users/devendra/.m2/repository/org/apache/maven/maven-plugin-api/3.2.5/maven-plugin-api-3.2.5.jar:/Users/devendra/.m2/repository/org/apache/maven/maven-settings/3.2.5/maven-settings-3.2.5.jar:/Users/devendra/.m2/repository/org/apache/maven/maven-settings-builder/3.2.5/maven-settings-builder-3.2.5.jar:/Users/devendra/.m2/repository/org/slf4j/slf4j-api/1.7.36/slf4j-api-1.7.36.jar:/Users/devendra/.m2/repository/javax/inject/javax.inject/1/javax.inject-1.jar:/Users/devendra/.m2/repository/org/eclipse/aether/aether-api/1.0.0.v20140518/aether-api-1.0.0.v20140518.jar:/Users/devendra/.m2/repository/org/eclipse/aether/aether-util/1.0.0.v20140518/aether-util-1.0.0.v20140518.jar:/Users/devendra/.m2/repository/org/codehaus/plexus/plexus-classworlds/2.6.0/plexus-classworlds-2.6.0.jar:/Users/devendra/.m2/repository/org/apache/maven/shared/maven-shared-utils/3.4.2/maven-shared-utils-3.4.2.jar:/Users/devendra/.m2/repository/commons-io/commons-io/2.11.0/commons-io-2.11.0.jar:/Users/devendra/.m2/repository/org/apache/maven/maven-archiver/3.6.1/maven-archiver-3.6.1.jar:/Users/devendra/.m2/repository/org/codehaus/plexus/plexus-interpolation/1.26/plexus-interpolation-1.26.jar:/Users/devendra/.m2/repository/org/codehaus/plexus/plexus-archiver/4.9.0/plexus-archiver-4.9.0.jar:/Users/devendra/.m2/repository/org/codehaus/plexus/plexus-io/3.4.1/plexus-io-3.4.1.jar:/Users/devendra/.m2/repository/org/apache/commons/commons-compress/1.24.0/commons-compress-1.24.0.jar:/Users/devendra/.m2/repository/org/iq80/snappy/snappy/0.4/snappy-0.4.jar:/Users/devendra/.m2/repository/org/tukaani/xz/1.9/xz-1.9.jar:/Users/devendra/.m2/repository/com/github/luben/zstd-jni/1.5.5-10/zstd-jni-1.5.5-10.jar:/Users/devendra/.m2/repository/org/codehaus/plexus/plexus-i18n/1.0-beta-10/plexus-i18n-1.0-beta-10.jar:/Users/devendra/.m2/repository/org/codehaus/plexus/plexus-utils/4.0.0/plexus-utils-4.0.0.jar:/Users/devendra/.m2/repository/org/codehaus/plexus/plexus-xml/3.0.0/plexus-xml-3.0.0.jar:/Users/devendra/.m2/repository/org/apache/maven/doxia/doxia-sink-api/2.0.0-M8/doxia-sink-api-2.0.0-M8.jar:/Users/devendra/.m2/repository/org/apache/maven/doxia/doxia-core/2.0.0-M8/doxia-core-2.0.0-M8.jar:/Users/devendra/.m2/repository/org/apache/commons/commons-text/1.10.0/commons-text-1.10.0.jar:/Users/devendra/.m2/repository/org/apache/maven/doxia/doxia-module-xhtml5/2.0.0-M8/doxia-module-xhtml5-2.0.0-M8.jar:/Users/devendra/.m2/repository/org/apache/maven/doxia/doxia-module-apt/2.0.0-M8/doxia-module-apt-2.0.0-M8.jar:/Users/devendra/.m2/repository/org/apache/maven/doxia/doxia-module-xdoc/2.0.0-M8/doxia-module-xdoc-2.0.0-M8.jar:/Users/devendra/.m2/repository/org/apache/maven/doxia/doxia-module-fml/2.0.0-M8/doxia-module-fml-2.0.0-M8.jar:/Users/devendra/.m2/repository/org/apache/maven/doxia/doxia-module-markdown/2.0.0-M8/doxia-module-markdown-2.0.0-M8.jar:/Users/devendra/.m2/repository/com/vladsch/flexmark/flexmark/0.62.2/flexmark-0.62.2.jar:/Users/devendra/.m2/repository/com/vladsch/flexmark/flexmark-util-builder/0.62.2/flexmark-util-builder-0.62.2.jar:/Users/devendra/.m2/repository/com/vladsch/flexmark/flexmark-util-collection/0.62.2/flexmark-util-collection-0.62.2.jar:/Users/devendra/.m2/repository/com/vladsch/flexmark/flexmark-util-dependency/0.62.2/flexmark-util-dependency-0.62.2.jar:/Users/devendra/.m2/repository/com/vladsch/flexmark/flexmark-util-format/0.62.2/flexmark-util-format-0.62.2.jar:/Users/devendra/.m2/repository/com/vladsch/flexmark/flexmark-util-html/0.62.2/flexmark-util-html-0.62.2.jar:/Users/devendra/.m2/repository/com/vladsch/flexmark/flexmark-util-visitor/0.62.2/flexmark-util-visitor-0.62.2.jar:/Users/devendra/.m2/repository/com/vladsch/flexmark/flexmark-util-data/0.62.2/flexmark-util-data-0.62.2.jar:/Users/devendra/.m2/repository/com/vladsch/flexmark/flexmark-util-misc/0.62.2/flexmark-util-misc-0.62.2.jar:/Users/devendra/.m2/repository/com/vladsch/flexmark/flexmark-util-sequence/0.62.2/flexmark-util-sequence-0.62.2.jar:/Users/devendra/.m2/repository/com/vladsch/flexmark/flexmark-util-ast/0.62.2/flexmark-util-ast-0.62.2.jar:/Users/devendra/.m2/repository/com/vladsch/flexmark/flexmark-ext-abbreviation/0.62.2/flexmark-ext-abbreviation-0.62.2.jar:/Users/devendra/.m2/repository/com/vladsch/flexmark/flexmark-util/0.62.2/flexmark-util-0.62.2.jar:/Users/devendra/.m2/repository/com/vladsch/flexmark/flexmark-util-options/0.62.2/flexmark-util-options-0.62.2.jar:/Users/devendra/.m2/repository/com/vladsch/flexmark/flexmark-ext-autolink/0.62.2/flexmark-ext-autolink-0.62.2.jar:/Users/devendra/.m2/repository/org/nibor/autolink/autolink/0.6.0/autolink-0.6.0.jar:/Users/devendra/.m2/repository/com/vladsch/flexmark/flexmark-ext-definition/0.62.2/flexmark-ext-definition-0.62.2.jar:/Users/devendra/.m2/repository/com/vladsch/flexmark/flexmark-ext-escaped-character/0.62.2/flexmark-ext-escaped-character-0.62.2.jar:/Users/devendra/.m2/repository/com/vladsch/flexmark/flexmark-ext-gfm-strikethrough/0.62.2/flexmark-ext-gfm-strikethrough-0.62.2.jar:/Users/devendra/.m2/repository/com/vladsch/flexmark/flexmark-ext-tables/0.62.2/flexmark-ext-tables-0.62.2.jar:/Users/devendra/.m2/repository/com/vladsch/flexmark/flexmark-ext-typographic/0.62.2/flexmark-ext-typographic-0.62.2.jar:/Users/devendra/.m2/repository/com/vladsch/flexmark/flexmark-ext-wikilink/0.62.2/flexmark-ext-wikilink-0.62.2.jar:/Users/devendra/.m2/repository/com/vladsch/flexmark/flexmark-ext-yaml-front-matter/0.62.2/flexmark-ext-yaml-front-matter-0.62.2.jar:/Users/devendra/.m2/repository/org/jetbrains/annotations/24.0.1/annotations-24.0.1.jar:/Users/devendra/.m2/repository/org/apache/maven/doxia/doxia-site-model/2.0.0-M16/doxia-site-model-2.0.0-M16.jar:/Users/devendra/.m2/repository/org/eclipse/sisu/org.eclipse.sisu.plexus/0.9.0.M2/org.eclipse.sisu.plexus-0.9.0.M2.jar:/Users/devendra/.m2/repository/javax/annotation/javax.annotation-api/1.2/javax.annotation-api-1.2.jar:/Users/devendra/.m2/repository/javax/enterprise/cdi-api/1.2/cdi-api-1.2.jar:/Users/devendra/.m2/repository/org/eclipse/sisu/org.eclipse.sisu.inject/0.9.0.M2/org.eclipse.sisu.inject-0.9.0.M2.jar:/Users/devendra/.m2/repository/org/apache/maven/doxia/doxia-site-renderer/2.0.0-M16/doxia-site-renderer-2.0.0-M16.jar:/Users/devendra/.m2/repository/org/apache/maven/doxia/doxia-skin-model/2.0.0-M16/doxia-skin-model-2.0.0-M16.jar:/Users/devendra/.m2/repository/org/codehaus/plexus/plexus-velocity/2.0/plexus-velocity-2.0.jar:/Users/devendra/.m2/repository/org/apache/velocity/velocity-engine-core/2.3/velocity-engine-core-2.3.jar:/Users/devendra/.m2/repository/org/apache/velocity/tools/velocity-tools-generic/3.1/velocity-tools-generic-3.1.jar:/Users/devendra/.m2/repository/commons-beanutils/commons-beanutils/1.9.4/commons-beanutils-1.9.4.jar:/Users/devendra/.m2/repository/commons-logging/commons-logging/1.2/commons-logging-1.2.jar:/Users/devendra/.m2/repository/commons-collections/commons-collections/3.2.2/commons-collections-3.2.2.jar:/Users/devendra/.m2/repository/org/apache/commons/commons-digester3/3.2/commons-digester3-3.2.jar:/Users/devendra/.m2/repository/com/github/cliftonlabs/json-simple/3.0.2/json-simple-3.0.2.jar:/Users/devendra/.m2/repository/org/apache/maven/doxia/doxia-integration-tools/2.0.0-M16/doxia-integration-tools-2.0.0-M16.jar:/Users/devendra/.m2/repository/org/apache/commons/commons-lang3/3.14.0/commons-lang3-3.14.0.jar:/Users/devendra/.m2/repository/org/eclipse/jetty/jetty-server/9.4.53.v20231009/jetty-server-9.4.53.v20231009.jar:/Users/devendra/.m2/repository/javax/servlet/javax.servlet-api/3.1.0/javax.servlet-api-3.1.0.jar:/Users/devendra/.m2/repository/org/eclipse/jetty/jetty-io/9.4.53.v20231009/jetty-io-9.4.53.v20231009.jar:/Users/devendra/.m2/repository/org/eclipse/jetty/jetty-http/9.4.53.v20231009/jetty-http-9.4.53.v20231009.jar:/Users/devendra/.m2/repository/org/eclipse/jetty/jetty-servlet/9.4.53.v20231009/jetty-servlet-9.4.53.v20231009.jar:/Users/devendra/.m2/repository/org/eclipse/jetty/jetty-security/9.4.53.v20231009/jetty-security-9.4.53.v20231009.jar:/Users/devendra/.m2/repository/org/eclipse/jetty/jetty-util-ajax/9.4.53.v20231009/jetty-util-ajax-9.4.53.v20231009.jar:/Users/devendra/.m2/repository/org/eclipse/jetty/jetty-webapp/9.4.53.v20231009/jetty-webapp-9.4.53.v20231009.jar:/Users/devendra/.m2/repository/org/eclipse/jetty/jetty-xml/9.4.53.v20231009/jetty-xml-9.4.53.v20231009.jar:/Users/devendra/.m2/repository/org/eclipse/jetty/jetty-util/9.4.53.v20231009/jetty-util-9.4.53.v20231009.jar:/Users/devendra/.m2/repository/org/junit/jupiter/junit-jupiter/5.10.0/junit-jupiter-5.10.0.jar:/Users/devendra/.m2/repository/org/junit/jupiter/junit-jupiter-api/5.10.0/junit-jupiter-api-5.10.0.jar:/Users/devendra/.m2/repository/org/opentest4j/opentest4j/1.3.0/opentest4j-1.3.0.jar:/Users/devendra/.m2/repository/org/junit/platform/junit-platform-commons/1.10.0/junit-platform-commons-1.10.0.jar:/Users/devendra/.m2/repository/org/apiguardian/apiguardian-api/1.1.2/apiguardian-api-1.1.2.jar:/Users/devendra/.m2/repository/org/junit/jupiter/junit-jupiter-params/5.10.0/junit-jupiter-params-5.10.0.jar:/Users/devendra/.m2/repository/org/junit/jupiter/junit-jupiter-engine/5.10.0/junit-jupiter-engine-5.10.0.jar:/Users/devendra/.m2/repository/org/junit/platform/junit-platform-engine/1.10.0/junit-platform-engine-1.10.0.jar:"/>
    <property name="sun.cpu.endian" value="little"/>
    <property name="user.home" value="/Users/devendra"/>
    <property name="user.language" value="en"/>
    <property name="java.specification.vendor" value="Oracle Corporation"/>
    <property name="java.version.date" value="2023-10-17"/>
    <property name="java.home" value="/Library/Java/JavaVirtualMachines/jdk-17.jdk/Contents/Home"/>
    <property name="file.separator" value="/"/>
    <property name="basedir" value="/Users/devendra/JUnitAndMockito-ChadDarby/SpringBoot-JUnit-and-Mockito/07-Running-tests-in-order"/>
    <property name="java.vm.compressedOopsMode" value="Zero based"/>
    <property name="line.separator" value="&#10;"/>
    <property name="java.vm.specification.vendor" value="Oracle Corporation"/>
    <property name="java.specification.name" value="Java Platform API Specification"/>
    <property name="surefire.real.class.path" value="/Users/devendra/JUnitAndMockito-ChadDarby/SpringBoot-JUnit-and-Mockito/07-Running-tests-in-order/target/surefire/surefirebooter-20240114202418458_3.jar"/>
    <property name="sun.management.compiler" value="HotSpot 64-Bit Tiered Compilers"/>
    <property name="java.runtime.version" value="17.0.9+11-LTS-201"/>
    <property name="user.name" value="devendra"/>
    <property name="path.separator" value=":"/>
    <property name="os.version" value="14.2.1"/>
    <property name="java.runtime.name" value="Java(TM) SE Runtime Environment"/>
    <property name="file.encoding" value="UTF-8"/>
    <property name="java.vm.name" value="Java HotSpot(TM) 64-Bit Server VM"/>
    <property name="localRepository" value="/Users/devendra/.m2/repository"/>
    <property name="java.vendor.url.bug" value="https://bugreport.java.com/bugreport/"/>
    <property name="java.io.tmpdir" value="/var/folders/mv/xxhwhr9s00n8sjp_677003zr0000gn/T/"/>
    <property name="java.version" value="17.0.9"/>
    <property name="user.dir" value="/Users/devendra/JUnitAndMockito-ChadDarby/SpringBoot-JUnit-and-Mockito/07-Running-tests-in-order"/>
    <property name="os.arch" value="aarch64"/>
    <property name="java.vm.specification.name" value="Java Virtual Machine Specification"/>
    <property name="native.encoding" value="UTF-8"/>
    <property name="java.library.path" value="/Users/devendra/Library/Java/Extensions:/Library/Java/Extensions:/Network/Library/Java/Extensions:/System/Library/Java/Extensions:/usr/lib/java:."/>
    <property name="java.vm.info" value="mixed mode, sharing"/>
    <property name="java.vendor" value="Oracle Corporation"/>
    <property name="java.vm.version" value="17.0.9+11-LTS-201"/>
    <property name="sun.io.unicode.encoding" value="UnicodeBig"/>
    <property name="java.class.version" value="61.0"/>
  </properties>
  <testcase name="testSameAndNotSame" classname="com.devendra.junitdemo.DemoUtilsTest" time="0.016"/>
  <testcase name="testThrowsAndDoesNotThrow" classname="com.devendra.junitdemo.DemoUtilsTest" time="0.001"/>
  <testcase name="testNullAndNotNull" classname="com.devendra.junitdemo.DemoUtilsTest" time="0.001"/>
  <testcase name="testIterableEquals" classname="com.devendra.junitdemo.DemoUtilsTest" time="0.001"/>
  <testcase name="testEqualsAndNotEquals" classname="com.devendra.junitdemo.DemoUtilsTest" time="0.001"/>
  <testcase name="testTimeout" classname="com.devendra.junitdemo.DemoUtilsTest" time="2.009">
    <system-out><![CDATA[I am going to sleep
Sleeping over
]]></system-out>
  </testcase>
  <testcase name="testLinesMatch" classname="com.devendra.junitdemo.DemoUtilsTest" time="0.006"/>
  <testcase name="testArrayEquals" classname="com.devendra.junitdemo.DemoUtilsTest" time="0.003"/>
  <testcase name="testTrueAndFalse" classname="com.devendra.junitdemo.DemoUtilsTest" time="0.002"/>
</testsuite>